  [4;36;1mSQL (1.0ms)[0m   [0;1m SELECT name
 FROM sqlite_master
 WHERE type = 'table' AND NOT name = 'sqlite_sequence'
[0m
  [4;35;1mSQL (40.0ms)[0m   [0mselect sqlite_version(*)[0m
  [4;36;1mSQL (133.9ms)[0m   [0;1mCREATE TABLE "schema_migrations" ("version" varchar(255) NOT NULL) [0m
  [4;35;1mSQL (0.0ms)[0m   [0mPRAGMA index_list("schema_migrations")[0m
  [4;36;1mSQL (84.9ms)[0m   [0;1mCREATE UNIQUE INDEX "unique_schema_migrations" ON "schema_migrations" ("version")[0m
  [4;35;1mSQL (1.0ms)[0m   [0m SELECT name
 FROM sqlite_master
 WHERE type = 'table' AND NOT name = 'sqlite_sequence'
[0m
  [4;36;1mSQL (1.0ms)[0m   [0;1mSELECT version FROM schema_migrations[0m
Migrating to CreateBooks (20210802050905)
  [4;35;1mSQL (4.0ms)[0m   [0mCREATE TABLE "books" ("id" INTEGER PRIMARY KEY AUTOINCREMENT NOT NULL, "title" varchar(32) NOT NULL, "price" float, "subject_id" integer, "description" text, "created_at" timestamps) [0m
  [4;36;1mSQL (0.0ms)[0m   [0;1mINSERT INTO schema_migrations (version) VALUES ('20210802050905')[0m
Migrating to CreateSubjects (20210802050941)
  [4;35;1mSQL (3.0ms)[0m   [0mCREATE TABLE "subjects" ("id" INTEGER PRIMARY KEY AUTOINCREMENT NOT NULL, "name" varchar(255), "created_at" datetime, "updated_at" datetime) [0m
  [4;36;1mSubject Create (0.0ms)[0m   [0;1mINSERT INTO "subjects" ("created_at", "updated_at", "name") VALUES('2021-08-02 05:20:05', '2021-08-02 05:20:05', 'Physics')[0m
  [4;35;1mSubject Create (0.0ms)[0m   [0mINSERT INTO "subjects" ("created_at", "updated_at", "name") VALUES('2021-08-02 05:20:05', '2021-08-02 05:20:05', 'Mathematics')[0m
  [4;36;1mSubject Create (0.0ms)[0m   [0;1mINSERT INTO "subjects" ("created_at", "updated_at", "name") VALUES('2021-08-02 05:20:05', '2021-08-02 05:20:05', 'Chemistry')[0m
  [4;35;1mSubject Create (0.0ms)[0m   [0mINSERT INTO "subjects" ("created_at", "updated_at", "name") VALUES('2021-08-02 05:20:05', '2021-08-02 05:20:05', 'Psychology')[0m
  [4;36;1mSubject Create (0.0ms)[0m   [0;1mINSERT INTO "subjects" ("created_at", "updated_at", "name") VALUES('2021-08-02 05:20:05', '2021-08-02 05:20:05', 'Geography')[0m
  [4;35;1mSQL (1.0ms)[0m   [0mINSERT INTO schema_migrations (version) VALUES ('20210802050941')[0m
  [4;36;1mSQL (1.0ms)[0m   [0;1m SELECT name
 FROM sqlite_master
 WHERE type = 'table' AND NOT name = 'sqlite_sequence'
[0m
  [4;35;1mSQL (1.0ms)[0m   [0mSELECT version FROM schema_migrations[0m
  [4;36;1mSQL (0.0ms)[0m   [0;1m SELECT name
 FROM sqlite_master
 WHERE type = 'table' AND NOT name = 'sqlite_sequence'
[0m
  [4;35;1mSQL (0.0ms)[0m   [0mPRAGMA index_list("books")[0m
  [4;36;1mSQL (0.0ms)[0m   [0;1mPRAGMA index_list("subjects")[0m


Processing ApplicationController#list (for 127.0.0.1 at 2021-08-02 13:13:28) [GET]

SyntaxError (C:/rails_projects/Library/app/controllers/book_controller.rb:47: syntax error, unexpected $end, expecting kEND):
  C:/Ruby187/lib/ruby/1.8/webrick/httpserver.rb:104:in `service'
  C:/Ruby187/lib/ruby/1.8/webrick/httpserver.rb:65:in `run'
  C:/Ruby187/lib/ruby/1.8/webrick/server.rb:173:in `start_thread'
  C:/Ruby187/lib/ruby/1.8/webrick/server.rb:162:in `start'
  C:/Ruby187/lib/ruby/1.8/webrick/server.rb:162:in `start_thread'
  C:/Ruby187/lib/ruby/1.8/webrick/server.rb:95:in `start'
  C:/Ruby187/lib/ruby/1.8/webrick/server.rb:92:in `each'
  C:/Ruby187/lib/ruby/1.8/webrick/server.rb:92:in `start'
  C:/Ruby187/lib/ruby/1.8/webrick/server.rb:23:in `start'
  C:/Ruby187/lib/ruby/1.8/webrick/server.rb:82:in `start'

Rendered rescues/_trace (250.0ms)
Rendered rescues/_request_and_response (30.0ms)
Rendering rescues/layout (internal_server_error)


Processing ApplicationController#list (for 127.0.0.1 at 2021-08-02 13:15:04) [GET]

SyntaxError (C:/rails_projects/Library/app/controllers/books_controller.rb:47: syntax error, unexpected $end, expecting kEND):
  C:/Ruby187/lib/ruby/1.8/webrick/httpserver.rb:104:in `service'
  C:/Ruby187/lib/ruby/1.8/webrick/httpserver.rb:65:in `run'
  C:/Ruby187/lib/ruby/1.8/webrick/server.rb:173:in `start_thread'
  C:/Ruby187/lib/ruby/1.8/webrick/server.rb:162:in `start'
  C:/Ruby187/lib/ruby/1.8/webrick/server.rb:162:in `start_thread'
  C:/Ruby187/lib/ruby/1.8/webrick/server.rb:95:in `start'
  C:/Ruby187/lib/ruby/1.8/webrick/server.rb:92:in `each'
  C:/Ruby187/lib/ruby/1.8/webrick/server.rb:92:in `start'
  C:/Ruby187/lib/ruby/1.8/webrick/server.rb:23:in `start'
  C:/Ruby187/lib/ruby/1.8/webrick/server.rb:82:in `start'

Rendered rescues/_trace (140.0ms)
Rendered rescues/_request_and_response (2.0ms)
Rendering rescues/layout (internal_server_error)


Processing ApplicationController#list (for 127.0.0.1 at 2021-08-02 13:15:29) [GET]

SyntaxError (C:/rails_projects/Library/app/controllers/books_controller.rb:48: syntax error, unexpected $end, expecting kEND):
  C:/Ruby187/lib/ruby/1.8/webrick/httpserver.rb:104:in `service'
  C:/Ruby187/lib/ruby/1.8/webrick/httpserver.rb:65:in `run'
  C:/Ruby187/lib/ruby/1.8/webrick/server.rb:173:in `start_thread'
  C:/Ruby187/lib/ruby/1.8/webrick/server.rb:162:in `start'
  C:/Ruby187/lib/ruby/1.8/webrick/server.rb:162:in `start_thread'
  C:/Ruby187/lib/ruby/1.8/webrick/server.rb:95:in `start'
  C:/Ruby187/lib/ruby/1.8/webrick/server.rb:92:in `each'
  C:/Ruby187/lib/ruby/1.8/webrick/server.rb:92:in `start'
  C:/Ruby187/lib/ruby/1.8/webrick/server.rb:23:in `start'
  C:/Ruby187/lib/ruby/1.8/webrick/server.rb:82:in `start'

Rendered rescues/_trace (121.0ms)
Rendered rescues/_request_and_response (1.0ms)
Rendering rescues/layout (internal_server_error)


Processing ApplicationController#list (for 127.0.0.1 at 2021-08-02 13:16:55) [GET]

SyntaxError (C:/rails_projects/Library/app/controllers/books_controller.rb:49: syntax error, unexpected $end, expecting kEND):
  C:/Ruby187/lib/ruby/1.8/webrick/httpserver.rb:104:in `service'
  C:/Ruby187/lib/ruby/1.8/webrick/httpserver.rb:65:in `run'
  C:/Ruby187/lib/ruby/1.8/webrick/server.rb:173:in `start_thread'
  C:/Ruby187/lib/ruby/1.8/webrick/server.rb:162:in `start'
  C:/Ruby187/lib/ruby/1.8/webrick/server.rb:162:in `start_thread'
  C:/Ruby187/lib/ruby/1.8/webrick/server.rb:95:in `start'
  C:/Ruby187/lib/ruby/1.8/webrick/server.rb:92:in `each'
  C:/Ruby187/lib/ruby/1.8/webrick/server.rb:92:in `start'
  C:/Ruby187/lib/ruby/1.8/webrick/server.rb:23:in `start'
  C:/Ruby187/lib/ruby/1.8/webrick/server.rb:82:in `start'

Rendered rescues/_trace (217.0ms)
Rendered rescues/_request_and_response (1.0ms)
Rendering rescues/layout (internal_server_error)


Processing BooksController#list (for 127.0.0.1 at 2021-08-02 13:29:39) [GET]
  [4;36;1mBook Load (20.0ms)[0m   [0;1mSELECT * FROM "books" [0m
Rendering books/list
Completed in 201ms (View: 62, DB: 20) | 200 OK [http://localhost/]


Processing BooksController#list (for 127.0.0.1 at 2021-08-02 13:30:09) [GET]
  [4;35;1mBook Load (1.0ms)[0m   [0mSELECT * FROM "books" [0m
Rendering books/list
Completed in 41ms (View: 17, DB: 1) | 200 OK [http://localhost/]


Processing BooksController#list (for 127.0.0.1 at 2021-08-02 13:30:12) [GET]
  [4;36;1mBook Load (1.0ms)[0m   [0;1mSELECT * FROM "books" [0m
Rendering books/list
Completed in 37ms (View: 7, DB: 1) | 200 OK [http://localhost/]


Processing BooksController#new (for 127.0.0.1 at 2021-08-02 13:30:42) [GET]
  [4;35;1mSubject Load (8.9ms)[0m   [0mSELECT * FROM "subjects" [0m
Rendering books/new
Completed in 173ms (View: 15, DB: 9) | 200 OK [http://localhost/books/new]


Processing BooksController#list (for 127.0.0.1 at 2021-08-02 13:32:01) [GET]
  [4;36;1mBook Load (2.0ms)[0m   [0;1mSELECT * FROM "books" [0m
Rendering books/list
Completed in 53ms (View: 21, DB: 2) | 200 OK [http://localhost/]


Processing BooksController#new (for 127.0.0.1 at 2021-08-02 13:32:04) [GET]
  [4;35;1mSubject Load (2.0ms)[0m   [0mSELECT * FROM "subjects" [0m
Rendering books/new
ERROR: compiling _run_erb_app47views47books47new46html46erb RAISED compile error
C:/rails_projects/Library/app/views/books/new.html.erb:14: syntax error, unexpected ':', expecting ')'
...@subjects, :id, :name, prompt: true) ).to_s); @output_buffer...
                              ^
C:/rails_projects/Library/app/views/books/new.html.erb:14: syntax error, unexpected ')', expecting kEND
..., :name, prompt: true) ).to_s); @output_buffer.concat "</p>\...
                              ^
Function body:           def _run_erb_app47views47books47new46html46erb(local_assigns)
            old_output_buffer = output_buffer;;@output_buffer = '';  __in_erb_template=true ; @output_buffer.concat "<h1>Books#new</h1>\n<p>Find me in app/views/books/new.html.erb</p>\n<h1>Add new book</h1>\n\n"



;  form_tag :action => 'create' do ; @output_buffer.concat "\n    <p><label for = \"book_title\">Title</label>:\n\n    "


; @output_buffer.concat(( text_field 'books', 'title' ).to_s); @output_buffer.concat "</p>\n    <p><label for = \"book_price\">Price</label>:\n\n    "


; @output_buffer.concat(( text_field 'books', 'price' ).to_s); @output_buffer.concat "</p>\n    <p><label for = \"book_subject_id\">Subject</label>:\n\n    "


; @output_buffer.concat(( collection_select(:books, :subject_id, @subjects, :id, :name, prompt: true) ).to_s); @output_buffer.concat "</p>\n    <p><label for = \"book_description\">Description</label><br/>\n\n    "


; @output_buffer.concat(( text_area 'books', 'description' ).to_s); @output_buffer.concat "</p>\n    "
; @output_buffer.concat(( submit_tag "Create" ).to_s); @output_buffer.concat "\n\n"

;  end 
@output_buffer.concat(( link_to 'Back', {:action => 'list'} ).to_s); @output_buffer.concat "\n"
; @output_buffer
          ensure
            self.output_buffer = old_output_buffer
          end
Backtrace: C:/rails_projects/Library/app/views/books/new.html.erb:25:in `compile!'
C:/Ruby187/lib/ruby/gems/1.8/gems/actionpack-2.3.18/lib/action_view/renderable.rb:61:in `compile'
C:/Ruby187/lib/ruby/gems/1.8/gems/actionpack-2.3.18/lib/action_view/renderable.rb:28:in `render'
C:/Ruby187/lib/ruby/gems/1.8/gems/actionpack-2.3.18/lib/action_view/template.rb:205:in `render_template'
C:/Ruby187/lib/ruby/gems/1.8/gems/actionpack-2.3.18/lib/action_view/base.rb:265:in `render'
C:/Ruby187/lib/ruby/gems/1.8/gems/actionpack-2.3.18/lib/action_controller/base.rb:1252:in `render_for_file'
C:/Ruby187/lib/ruby/gems/1.8/gems/actionpack-2.3.18/lib/action_controller/base.rb:936:in `render_without_benchmark'
C:/Ruby187/lib/ruby/gems/1.8/gems/actionpack-2.3.18/lib/action_controller/benchmarking.rb:51:in `render'
C:/Ruby187/lib/ruby/gems/1.8/gems/activesupport-2.3.18/lib/active_support/core_ext/benchmark.rb:17:in `ms'
C:/Ruby187/lib/ruby/1.8/benchmark.rb:308:in `realtime'
C:/Ruby187/lib/ruby/gems/1.8/gems/activesupport-2.3.18/lib/active_support/core_ext/benchmark.rb:17:in `ms'
C:/Ruby187/lib/ruby/gems/1.8/gems/actionpack-2.3.18/lib/action_controller/benchmarking.rb:51:in `render'
C:/Ruby187/lib/ruby/gems/1.8/gems/actionpack-2.3.18/lib/action_controller/base.rb:1328:in `default_render'
C:/Ruby187/lib/ruby/gems/1.8/gems/actionpack-2.3.18/lib/action_controller/base.rb:1334:in `perform_action_without_filters'
C:/Ruby187/lib/ruby/gems/1.8/gems/actionpack-2.3.18/lib/action_controller/filters.rb:617:in `call_filters'
C:/Ruby187/lib/ruby/gems/1.8/gems/actionpack-2.3.18/lib/action_controller/filters.rb:610:in `perform_action_without_benchmark'
C:/Ruby187/lib/ruby/gems/1.8/gems/actionpack-2.3.18/lib/action_controller/benchmarking.rb:68:in `perform_action_without_rescue'
C:/Ruby187/lib/ruby/gems/1.8/gems/activesupport-2.3.18/lib/active_support/core_ext/benchmark.rb:17:in `ms'
C:/Ruby187/lib/ruby/1.8/benchmark.rb:308:in `realtime'
C:/Ruby187/lib/ruby/gems/1.8/gems/activesupport-2.3.18/lib/active_support/core_ext/benchmark.rb:17:in `ms'
C:/Ruby187/lib/ruby/gems/1.8/gems/actionpack-2.3.18/lib/action_controller/benchmarking.rb:68:in `perform_action_without_rescue'
C:/Ruby187/lib/ruby/gems/1.8/gems/actionpack-2.3.18/lib/action_controller/rescue.rb:160:in `perform_action_without_flash'
C:/Ruby187/lib/ruby/gems/1.8/gems/actionpack-2.3.18/lib/action_controller/flash.rb:151:in `perform_action'
C:/Ruby187/lib/ruby/gems/1.8/gems/actionpack-2.3.18/lib/action_controller/base.rb:532:in `send'
C:/Ruby187/lib/ruby/gems/1.8/gems/actionpack-2.3.18/lib/action_controller/base.rb:532:in `process_without_filters'
C:/Ruby187/lib/ruby/gems/1.8/gems/actionpack-2.3.18/lib/action_controller/filters.rb:606:in `process'
C:/Ruby187/lib/ruby/gems/1.8/gems/actionpack-2.3.18/lib/action_controller/base.rb:391:in `process'
C:/Ruby187/lib/ruby/gems/1.8/gems/actionpack-2.3.18/lib/action_controller/base.rb:386:in `call'
C:/Ruby187/lib/ruby/gems/1.8/gems/actionpack-2.3.18/lib/action_controller/routing/route_set.rb:438:in `call'
C:/Ruby187/lib/ruby/gems/1.8/gems/actionpack-2.3.18/lib/action_controller/dispatcher.rb:87:in `dispatch'
C:/Ruby187/lib/ruby/gems/1.8/gems/actionpack-2.3.18/lib/action_controller/dispatcher.rb:121:in `_call'
C:/Ruby187/lib/ruby/gems/1.8/gems/actionpack-2.3.18/lib/action_controller/dispatcher.rb:130:in `build_middleware_stack'
C:/Ruby187/lib/ruby/gems/1.8/gems/activerecord-2.3.18/lib/active_record/query_cache.rb:29:in `call'
C:/Ruby187/lib/ruby/gems/1.8/gems/activerecord-2.3.18/lib/active_record/query_cache.rb:29:in `call'
C:/Ruby187/lib/ruby/gems/1.8/gems/activerecord-2.3.18/lib/active_record/connection_adapters/abstract/query_cache.rb:34:in `cache'
C:/Ruby187/lib/ruby/gems/1.8/gems/activerecord-2.3.18/lib/active_record/query_cache.rb:9:in `cache'
C:/Ruby187/lib/ruby/gems/1.8/gems/activerecord-2.3.18/lib/active_record/query_cache.rb:28:in `call'
C:/Ruby187/lib/ruby/gems/1.8/gems/activerecord-2.3.18/lib/active_record/connection_adapters/abstract/connection_pool.rb:361:in `call'
C:/Ruby187/lib/ruby/gems/1.8/gems/actionpack-2.3.18/lib/action_controller/string_coercion.rb:25:in `call'
C:/Ruby187/lib/ruby/gems/1.8/gems/rack-1.1.6/lib/rack/head.rb:9:in `call'
C:/Ruby187/lib/ruby/gems/1.8/gems/rack-1.1.6/lib/rack/methodoverride.rb:24:in `call'
C:/Ruby187/lib/ruby/gems/1.8/gems/actionpack-2.3.18/lib/action_controller/params_parser.rb:15:in `call'
C:/Ruby187/lib/ruby/gems/1.8/gems/actionpack-2.3.18/lib/action_controller/session/cookie_store.rb:99:in `call'
C:/Ruby187/lib/ruby/gems/1.8/gems/actionpack-2.3.18/lib/action_controller/failsafe.rb:26:in `call'
C:/Ruby187/lib/ruby/gems/1.8/gems/rack-1.1.6/lib/rack/lock.rb:11:in `call'
C:/Ruby187/lib/ruby/gems/1.8/gems/rack-1.1.6/lib/rack/lock.rb:11:in `synchronize'
C:/Ruby187/lib/ruby/gems/1.8/gems/rack-1.1.6/lib/rack/lock.rb:11:in `call'
C:/Ruby187/lib/ruby/gems/1.8/gems/actionpack-2.3.18/lib/action_controller/dispatcher.rb:114:in `call'
C:/Ruby187/lib/ruby/gems/1.8/gems/actionpack-2.3.18/lib/action_controller/reloader.rb:34:in `run'
C:/Ruby187/lib/ruby/gems/1.8/gems/actionpack-2.3.18/lib/action_controller/dispatcher.rb:108:in `call'
C:/Ruby187/lib/ruby/gems/1.8/gems/rails-2.3.18/lib/rails/rack/static.rb:31:in `call'
C:/Ruby187/lib/ruby/gems/1.8/gems/rack-1.1.6/lib/rack/urlmap.rb:47:in `call'
C:/Ruby187/lib/ruby/gems/1.8/gems/rack-1.1.6/lib/rack/urlmap.rb:41:in `each'
C:/Ruby187/lib/ruby/gems/1.8/gems/rack-1.1.6/lib/rack/urlmap.rb:41:in `call'
C:/Ruby187/lib/ruby/gems/1.8/gems/rails-2.3.18/lib/rails/rack/log_tailer.rb:17:in `call'
C:/Ruby187/lib/ruby/gems/1.8/gems/rack-1.1.6/lib/rack/content_length.rb:13:in `call'
C:/Ruby187/lib/ruby/gems/1.8/gems/rack-1.1.6/lib/rack/handler/webrick.rb:48:in `service'
C:/Ruby187/lib/ruby/1.8/webrick/httpserver.rb:104:in `service'
C:/Ruby187/lib/ruby/1.8/webrick/httpserver.rb:65:in `run'
C:/Ruby187/lib/ruby/1.8/webrick/server.rb:173:in `start_thread'
C:/Ruby187/lib/ruby/1.8/webrick/server.rb:162:in `start'
C:/Ruby187/lib/ruby/1.8/webrick/server.rb:162:in `start_thread'
C:/Ruby187/lib/ruby/1.8/webrick/server.rb:95:in `start'
C:/Ruby187/lib/ruby/1.8/webrick/server.rb:92:in `each'
C:/Ruby187/lib/ruby/1.8/webrick/server.rb:92:in `start'
C:/Ruby187/lib/ruby/1.8/webrick/server.rb:23:in `start'
C:/Ruby187/lib/ruby/1.8/webrick/server.rb:82:in `start'
C:/Ruby187/lib/ruby/gems/1.8/gems/rack-1.1.6/lib/rack/handler/webrick.rb:14:in `run'
C:/Ruby187/lib/ruby/gems/1.8/gems/rails-2.3.18/lib/commands/server.rb:111
C:/Ruby187/lib/ruby/site_ruby/1.8/rubygems/custom_require.rb:36:in `gem_original_require'
C:/Ruby187/lib/ruby/site_ruby/1.8/rubygems/custom_require.rb:36:in `require'
script/server:3

ActionView::TemplateError (compile error
C:/rails_projects/Library/app/views/books/new.html.erb:14: syntax error, unexpected ':', expecting ')'
...@subjects, :id, :name, prompt: true) ).to_s); @output_buffer...
                              ^
C:/rails_projects/Library/app/views/books/new.html.erb:14: syntax error, unexpected ')', expecting kEND
..., :name, prompt: true) ).to_s); @output_buffer.concat "</p>\...
                              ^) on line #14 of app/views/books/new.html.erb:
11:     <%= text_field 'books', 'price' %></p>
12:     <p><label for = "book_subject_id">Subject</label>:
13: 
14:     <%= collection_select(:books, :subject_id, @subjects, :id, :name, prompt: true) %></p>
15:     <p><label for = "book_description">Description</label><br/>
16: 
17:     <%= text_area 'books', 'description' %></p>

    app/views/books/new.html.erb:25:in `compile!'
    C:/Ruby187/lib/ruby/1.8/webrick/httpserver.rb:104:in `service'
    C:/Ruby187/lib/ruby/1.8/webrick/httpserver.rb:65:in `run'
    C:/Ruby187/lib/ruby/1.8/webrick/server.rb:173:in `start_thread'
    C:/Ruby187/lib/ruby/1.8/webrick/server.rb:162:in `start'
    C:/Ruby187/lib/ruby/1.8/webrick/server.rb:162:in `start_thread'
    C:/Ruby187/lib/ruby/1.8/webrick/server.rb:95:in `start'
    C:/Ruby187/lib/ruby/1.8/webrick/server.rb:92:in `each'
    C:/Ruby187/lib/ruby/1.8/webrick/server.rb:92:in `start'
    C:/Ruby187/lib/ruby/1.8/webrick/server.rb:23:in `start'
    C:/Ruby187/lib/ruby/1.8/webrick/server.rb:82:in `start'

Rendered rescues/_trace (157.0ms)
Rendered rescues/_request_and_response (4.0ms)
Rendering rescues/layout (internal_server_error)


Processing BooksController#new (for 127.0.0.1 at 2021-08-02 13:32:33) [GET]
  [4;36;1mSubject Load (1.0ms)[0m   [0;1mSELECT * FROM "subjects" [0m
Rendering books/new
Completed in 19513ms (View: 19473, DB: 1) | 200 OK [http://localhost/books/new]


Processing BooksController#new (for 127.0.0.1 at 2021-08-02 13:32:53) [GET]
  [4;35;1mSubject Load (2.0ms)[0m   [0mSELECT * FROM "subjects" [0m
Rendering books/new
Completed in 130ms (View: 53, DB: 2) | 200 OK [http://localhost/books/new]


Processing BooksController#new (for 127.0.0.1 at 2021-08-02 13:33:10) [GET]
  [4;36;1mSubject Load (1.0ms)[0m   [0;1mSELECT * FROM "subjects" [0m
Rendering books/new
Completed in 153ms (View: 78, DB: 1) | 200 OK [http://localhost/books/new]


Processing BooksController#create (for 127.0.0.1 at 2021-08-02 13:40:03) [POST]
  Parameters: {"commit"=>"Create", "authenticity_token"=>"q9cFIDEwH6bHbgYR9WYnEdA4njWBVBnSAXB+uL6bOqo=", "books"=>{"description"=>"This is test to create new book", "price"=>"390", "title"=>"Advance Physics", "subject_id"=>"1"}}
  [4;35;1mSubject Load (1.0ms)[0m   [0mSELECT * FROM "subjects" [0m
Rendering books/new
Completed in 90ms (View: 30, DB: 1) | 200 OK [http://localhost/books]


Processing BooksController#list (for 127.0.0.1 at 2021-08-02 13:40:07) [GET]
  [4;36;1mBook Load (2.0ms)[0m   [0;1mSELECT * FROM "books" [0m
Rendering books/list
Completed in 44ms (View: 8, DB: 2) | 200 OK [http://localhost/]


Processing BooksController#list (for 127.0.0.1 at 2021-08-02 13:40:11) [GET]
  [4;35;1mBook Load (1.0ms)[0m   [0mSELECT * FROM "books" [0m
Rendering books/list
Completed in 41ms (View: 8, DB: 1) | 200 OK [http://localhost/]


Processing ApplicationController#index (for 127.0.0.1 at 2021-08-02 13:40:23) [GET]

ActionController::RoutingError (No route matches "/show" with {:method=>:get}):
  C:/Ruby187/lib/ruby/1.8/webrick/httpserver.rb:104:in `service'
  C:/Ruby187/lib/ruby/1.8/webrick/httpserver.rb:65:in `run'
  C:/Ruby187/lib/ruby/1.8/webrick/server.rb:173:in `start_thread'
  C:/Ruby187/lib/ruby/1.8/webrick/server.rb:162:in `start'
  C:/Ruby187/lib/ruby/1.8/webrick/server.rb:162:in `start_thread'
  C:/Ruby187/lib/ruby/1.8/webrick/server.rb:95:in `start'
  C:/Ruby187/lib/ruby/1.8/webrick/server.rb:92:in `each'
  C:/Ruby187/lib/ruby/1.8/webrick/server.rb:92:in `start'
  C:/Ruby187/lib/ruby/1.8/webrick/server.rb:23:in `start'
  C:/Ruby187/lib/ruby/1.8/webrick/server.rb:82:in `start'

Rendering rescues/layout (not_found)


Processing BooksController#show (for 127.0.0.1 at 2021-08-02 13:40:34) [GET]
  Parameters: {"id"=>"show"}
  [4;36;1mBook Load (2.0ms)[0m   [0;1mSELECT * FROM "books" WHERE ("books"."id" = 0) [0m

ActiveRecord::RecordNotFound (Couldn't find Book with ID=show):
  app/controllers/books_controller.rb:7:in `show'
  C:/Ruby187/lib/ruby/1.8/webrick/httpserver.rb:104:in `service'
  C:/Ruby187/lib/ruby/1.8/webrick/httpserver.rb:65:in `run'
  C:/Ruby187/lib/ruby/1.8/webrick/server.rb:173:in `start_thread'
  C:/Ruby187/lib/ruby/1.8/webrick/server.rb:162:in `start'
  C:/Ruby187/lib/ruby/1.8/webrick/server.rb:162:in `start_thread'
  C:/Ruby187/lib/ruby/1.8/webrick/server.rb:95:in `start'
  C:/Ruby187/lib/ruby/1.8/webrick/server.rb:92:in `each'
  C:/Ruby187/lib/ruby/1.8/webrick/server.rb:92:in `start'
  C:/Ruby187/lib/ruby/1.8/webrick/server.rb:23:in `start'
  C:/Ruby187/lib/ruby/1.8/webrick/server.rb:82:in `start'

Rendered rescues/_trace (78.9ms)
Rendered rescues/_request_and_response (1.0ms)
Rendering rescues/layout (not_found)


Processing BooksController#show (for 127.0.0.1 at 2021-08-02 13:40:42) [GET]
  Parameters: {"id"=>"1"}
  [4;35;1mBook Load (1.0ms)[0m   [0mSELECT * FROM "books" WHERE ("books"."id" = 1) [0m

ActiveRecord::RecordNotFound (Couldn't find Book with ID=1):
  app/controllers/books_controller.rb:7:in `show'
  C:/Ruby187/lib/ruby/1.8/webrick/httpserver.rb:104:in `service'
  C:/Ruby187/lib/ruby/1.8/webrick/httpserver.rb:65:in `run'
  C:/Ruby187/lib/ruby/1.8/webrick/server.rb:173:in `start_thread'
  C:/Ruby187/lib/ruby/1.8/webrick/server.rb:162:in `start'
  C:/Ruby187/lib/ruby/1.8/webrick/server.rb:162:in `start_thread'
  C:/Ruby187/lib/ruby/1.8/webrick/server.rb:95:in `start'
  C:/Ruby187/lib/ruby/1.8/webrick/server.rb:92:in `each'
  C:/Ruby187/lib/ruby/1.8/webrick/server.rb:92:in `start'
  C:/Ruby187/lib/ruby/1.8/webrick/server.rb:23:in `start'
  C:/Ruby187/lib/ruby/1.8/webrick/server.rb:82:in `start'

Rendered rescues/_trace (219.0ms)
Rendered rescues/_request_and_response (1.0ms)
Rendering rescues/layout (not_found)


Processing ApplicationController#index (for 127.0.0.1 at 2021-08-02 13:40:50) [GET]

ActionController::RoutingError (No route matches "/book/show/1" with {:method=>:get}):
  C:/Ruby187/lib/ruby/1.8/webrick/httpserver.rb:104:in `service'
  C:/Ruby187/lib/ruby/1.8/webrick/httpserver.rb:65:in `run'
  C:/Ruby187/lib/ruby/1.8/webrick/server.rb:173:in `start_thread'
  C:/Ruby187/lib/ruby/1.8/webrick/server.rb:162:in `start'
  C:/Ruby187/lib/ruby/1.8/webrick/server.rb:162:in `start_thread'
  C:/Ruby187/lib/ruby/1.8/webrick/server.rb:95:in `start'
  C:/Ruby187/lib/ruby/1.8/webrick/server.rb:92:in `each'
  C:/Ruby187/lib/ruby/1.8/webrick/server.rb:92:in `start'
  C:/Ruby187/lib/ruby/1.8/webrick/server.rb:23:in `start'
  C:/Ruby187/lib/ruby/1.8/webrick/server.rb:82:in `start'

Rendering rescues/layout (not_found)


Processing BooksController#new (for 127.0.0.1 at 2021-08-02 13:41:39) [GET]
  [4;36;1mSubject Load (1.0ms)[0m   [0;1mSELECT * FROM "subjects" [0m
Rendering books/new
Completed in 105ms (View: 52, DB: 1) | 200 OK [http://localhost/books/new]


Processing BooksController#show (for 127.0.0.1 at 2021-08-02 13:41:41) [GET]
  Parameters: {"id"=>"show"}
  [4;35;1mBook Load (0.0ms)[0m   [0mSELECT * FROM "books" WHERE ("books"."id" = 0) [0m

ActiveRecord::RecordNotFound (Couldn't find Book with ID=show):
  app/controllers/books_controller.rb:7:in `show'
  C:/Ruby187/lib/ruby/1.8/webrick/httpserver.rb:104:in `service'
  C:/Ruby187/lib/ruby/1.8/webrick/httpserver.rb:65:in `run'
  C:/Ruby187/lib/ruby/1.8/webrick/server.rb:173:in `start_thread'
  C:/Ruby187/lib/ruby/1.8/webrick/server.rb:162:in `start'
  C:/Ruby187/lib/ruby/1.8/webrick/server.rb:162:in `start_thread'
  C:/Ruby187/lib/ruby/1.8/webrick/server.rb:95:in `start'
  C:/Ruby187/lib/ruby/1.8/webrick/server.rb:92:in `each'
  C:/Ruby187/lib/ruby/1.8/webrick/server.rb:92:in `start'
  C:/Ruby187/lib/ruby/1.8/webrick/server.rb:23:in `start'
  C:/Ruby187/lib/ruby/1.8/webrick/server.rb:82:in `start'

Rendered rescues/_trace (131.0ms)
Rendered rescues/_request_and_response (3.0ms)
Rendering rescues/layout (not_found)


Processing BooksController#show (for 127.0.0.1 at 2021-08-02 13:43:01) [GET]
  Parameters: {"id"=>"show"}
  [4;36;1mBook Load (1.0ms)[0m   [0;1mSELECT * FROM "books" WHERE ("books"."id" = 0) [0m

ActiveRecord::RecordNotFound (Couldn't find Book with ID=show):
  app/controllers/books_controller.rb:7:in `show'
  C:/Ruby187/lib/ruby/1.8/webrick/httpserver.rb:104:in `service'
  C:/Ruby187/lib/ruby/1.8/webrick/httpserver.rb:65:in `run'
  C:/Ruby187/lib/ruby/1.8/webrick/server.rb:173:in `start_thread'
  C:/Ruby187/lib/ruby/1.8/webrick/server.rb:162:in `start'
  C:/Ruby187/lib/ruby/1.8/webrick/server.rb:162:in `start_thread'
  C:/Ruby187/lib/ruby/1.8/webrick/server.rb:95:in `start'
  C:/Ruby187/lib/ruby/1.8/webrick/server.rb:92:in `each'
  C:/Ruby187/lib/ruby/1.8/webrick/server.rb:92:in `start'
  C:/Ruby187/lib/ruby/1.8/webrick/server.rb:23:in `start'
  C:/Ruby187/lib/ruby/1.8/webrick/server.rb:82:in `start'

Rendered rescues/_trace (222.0ms)
Rendered rescues/_request_and_response (1.0ms)
Rendering rescues/layout (not_found)


Processing BooksController#show (for 127.0.0.1 at 2021-08-02 13:43:04) [GET]
  Parameters: {"id"=>"show"}
  [4;35;1mBook Load (1.0ms)[0m   [0mSELECT * FROM "books" WHERE ("books"."id" = 0) [0m

ActiveRecord::RecordNotFound (Couldn't find Book with ID=show):
  app/controllers/books_controller.rb:7:in `show'
  C:/Ruby187/lib/ruby/1.8/webrick/httpserver.rb:104:in `service'
  C:/Ruby187/lib/ruby/1.8/webrick/httpserver.rb:65:in `run'
  C:/Ruby187/lib/ruby/1.8/webrick/server.rb:173:in `start_thread'
  C:/Ruby187/lib/ruby/1.8/webrick/server.rb:162:in `start'
  C:/Ruby187/lib/ruby/1.8/webrick/server.rb:162:in `start_thread'
  C:/Ruby187/lib/ruby/1.8/webrick/server.rb:95:in `start'
  C:/Ruby187/lib/ruby/1.8/webrick/server.rb:92:in `each'
  C:/Ruby187/lib/ruby/1.8/webrick/server.rb:92:in `start'
  C:/Ruby187/lib/ruby/1.8/webrick/server.rb:23:in `start'
  C:/Ruby187/lib/ruby/1.8/webrick/server.rb:82:in `start'

Rendered rescues/_trace (134.0ms)
Rendered rescues/_request_and_response (0.0ms)
Rendering rescues/layout (not_found)


Processing ApplicationController#show (for 127.0.0.1 at 2021-08-02 13:43:12) [GET]

NameError (uninitialized constant BookController):
  C:/Ruby187/lib/ruby/1.8/webrick/httpserver.rb:104:in `service'
  C:/Ruby187/lib/ruby/1.8/webrick/httpserver.rb:65:in `run'
  C:/Ruby187/lib/ruby/1.8/webrick/server.rb:173:in `start_thread'
  C:/Ruby187/lib/ruby/1.8/webrick/server.rb:162:in `start'
  C:/Ruby187/lib/ruby/1.8/webrick/server.rb:162:in `start_thread'
  C:/Ruby187/lib/ruby/1.8/webrick/server.rb:95:in `start'
  C:/Ruby187/lib/ruby/1.8/webrick/server.rb:92:in `each'
  C:/Ruby187/lib/ruby/1.8/webrick/server.rb:92:in `start'
  C:/Ruby187/lib/ruby/1.8/webrick/server.rb:23:in `start'
  C:/Ruby187/lib/ruby/1.8/webrick/server.rb:82:in `start'

Rendered rescues/_trace (111.0ms)
Rendered rescues/_request_and_response (0.0ms)
Rendering rescues/layout (internal_server_error)


Processing ApplicationController#show (for 127.0.0.1 at 2021-08-02 13:43:16) [GET]

NameError (uninitialized constant BookController):
  C:/Ruby187/lib/ruby/1.8/webrick/httpserver.rb:104:in `service'
  C:/Ruby187/lib/ruby/1.8/webrick/httpserver.rb:65:in `run'
  C:/Ruby187/lib/ruby/1.8/webrick/server.rb:173:in `start_thread'
  C:/Ruby187/lib/ruby/1.8/webrick/server.rb:162:in `start'
  C:/Ruby187/lib/ruby/1.8/webrick/server.rb:162:in `start_thread'
  C:/Ruby187/lib/ruby/1.8/webrick/server.rb:95:in `start'
  C:/Ruby187/lib/ruby/1.8/webrick/server.rb:92:in `each'
  C:/Ruby187/lib/ruby/1.8/webrick/server.rb:92:in `start'
  C:/Ruby187/lib/ruby/1.8/webrick/server.rb:23:in `start'
  C:/Ruby187/lib/ruby/1.8/webrick/server.rb:82:in `start'

Rendered rescues/_trace (115.0ms)
Rendered rescues/_request_and_response (1.0ms)
Rendering rescues/layout (internal_server_error)


Processing BooksController#show (for 127.0.0.1 at 2021-08-02 13:43:47) [GET]

ActiveRecord::RecordNotFound (Couldn't find Book without an ID):
  app/controllers/books_controller.rb:7:in `show'
  C:/Ruby187/lib/ruby/1.8/webrick/httpserver.rb:104:in `service'
  C:/Ruby187/lib/ruby/1.8/webrick/httpserver.rb:65:in `run'
  C:/Ruby187/lib/ruby/1.8/webrick/server.rb:173:in `start_thread'
  C:/Ruby187/lib/ruby/1.8/webrick/server.rb:162:in `start'
  C:/Ruby187/lib/ruby/1.8/webrick/server.rb:162:in `start_thread'
  C:/Ruby187/lib/ruby/1.8/webrick/server.rb:95:in `start'
  C:/Ruby187/lib/ruby/1.8/webrick/server.rb:92:in `each'
  C:/Ruby187/lib/ruby/1.8/webrick/server.rb:92:in `start'
  C:/Ruby187/lib/ruby/1.8/webrick/server.rb:23:in `start'
  C:/Ruby187/lib/ruby/1.8/webrick/server.rb:82:in `start'

Rendered rescues/_trace (136.0ms)
Rendered rescues/_request_and_response (1.0ms)
Rendering rescues/layout (not_found)


Processing BooksController#list (for 127.0.0.1 at 2021-08-02 13:45:07) [GET]
  [4;36;1mBook Load (1.0ms)[0m   [0;1mSELECT * FROM "books" [0m
Rendering books/list
Completed in 44ms (View: 11, DB: 1) | 200 OK [http://localhost/]


Processing BooksController#new (for 127.0.0.1 at 2021-08-02 13:45:08) [GET]
  [4;35;1mSubject Load (2.1ms)[0m   [0mSELECT * FROM "subjects" [0m
Rendering books/new
Completed in 103ms (View: 39, DB: 2) | 200 OK [http://localhost/books/new]


Processing BooksController#create (for 127.0.0.1 at 2021-08-02 13:45:19) [POST]
  Parameters: {"commit"=>"Create", "authenticity_token"=>"q9cFIDEwH6bHbgYR9WYnEdA4njWBVBnSAXB+uL6bOqo=", "books"=>{"description"=>"1223434", "price"=>"390", "title"=>"Advance Physics", "subject_id"=>"1"}}
  [4;36;1mSubject Load (1.0ms)[0m   [0;1mSELECT * FROM "subjects" [0m
Rendering books/new
Completed in 98ms (View: 31, DB: 1) | 200 OK [http://localhost/books]


Processing BooksController#list (for 127.0.0.1 at 2021-08-02 13:45:22) [GET]
  [4;35;1mBook Load (2.0ms)[0m   [0mSELECT * FROM "books" [0m
Rendering books/list
Completed in 39ms (View: 7, DB: 2) | 200 OK [http://localhost/]


Processing BooksController#new (for 127.0.0.1 at 2021-08-02 13:47:18) [GET]
  [4;36;1mSubject Load (2.0ms)[0m   [0;1mSELECT * FROM "subjects" [0m
Rendering books/new
Completed in 87ms (View: 34, DB: 2) | 200 OK [http://localhost/books/new]


Processing BooksController#new (for 127.0.0.1 at 2021-08-02 13:49:15) [GET]
  [4;35;1mSubject Load (1.0ms)[0m   [0mSELECT * FROM "subjects" [0m
Rendering books/new
Completed in 198ms (View: 140, DB: 1) | 200 OK [http://localhost/books/new]


Processing BooksController#create (for 127.0.0.1 at 2021-08-02 13:49:24) [POST]
  Parameters: {"commit"=>"Create", "authenticity_token"=>"q9cFIDEwH6bHbgYR9WYnEdA4njWBVBnSAXB+uL6bOqo=", "books"=>{"description"=>"1234455", "price"=>"390", "title"=>"Advance Physics", "subject_id"=>"1"}}
  [4;36;1mSubject Load (1.0ms)[0m   [0;1mSELECT * FROM "subjects" [0m
Rendering books/new
Completed in 92ms (View: 34, DB: 1) | 200 OK [http://localhost/books]


Processing BooksController#index (for 127.0.0.1 at 2021-08-02 13:50:40) [GET]

ActionController::UnknownAction (No action responded to index. Actions: create, delete, edit, list, new, show, show_subjects, and update):
  C:/Ruby187/lib/ruby/1.8/webrick/httpserver.rb:104:in `service'
  C:/Ruby187/lib/ruby/1.8/webrick/httpserver.rb:65:in `run'
  C:/Ruby187/lib/ruby/1.8/webrick/server.rb:173:in `start_thread'
  C:/Ruby187/lib/ruby/1.8/webrick/server.rb:162:in `start'
  C:/Ruby187/lib/ruby/1.8/webrick/server.rb:162:in `start_thread'
  C:/Ruby187/lib/ruby/1.8/webrick/server.rb:95:in `start'
  C:/Ruby187/lib/ruby/1.8/webrick/server.rb:92:in `each'
  C:/Ruby187/lib/ruby/1.8/webrick/server.rb:92:in `start'
  C:/Ruby187/lib/ruby/1.8/webrick/server.rb:23:in `start'
  C:/Ruby187/lib/ruby/1.8/webrick/server.rb:82:in `start'

Rendering rescues/layout (not_found)


Processing BooksController#new (for 127.0.0.1 at 2021-08-02 13:50:45) [GET]
  [4;35;1mSubject Load (1.0ms)[0m   [0mSELECT * FROM "subjects" [0m
Rendering books/new
Completed in 92ms (View: 33, DB: 1) | 200 OK [http://localhost/books/new]


Processing BooksController#create (for 127.0.0.1 at 2021-08-02 13:50:57) [POST]
  Parameters: {"commit"=>"Create", "authenticity_token"=>"q9cFIDEwH6bHbgYR9WYnEdA4njWBVBnSAXB+uL6bOqo=", "books"=>{"description"=>"123456789", "price"=>"390", "title"=>"Advance Physics", "subject_id"=>"1"}}
  [4;36;1mSubject Load (1.0ms)[0m   [0;1mSELECT * FROM "subjects" [0m
Rendering books/new
Completed in 103ms (View: 39, DB: 1) | 200 OK [http://localhost/books]


Processing BooksController#new (for 127.0.0.1 at 2021-08-02 13:52:19) [GET]
  [4;35;1mSubject Load (2.0ms)[0m   [0mSELECT * FROM "subjects" [0m
Rendering books/new
Completed in 87ms (View: 33, DB: 2) | 200 OK [http://localhost/books/new]


Processing BooksController#create (for 127.0.0.1 at 2021-08-02 13:52:28) [POST]
  Parameters: {"commit"=>"Create", "authenticity_token"=>"q9cFIDEwH6bHbgYR9WYnEdA4njWBVBnSAXB+uL6bOqo=", "books"=>{"description"=>"123456", "price"=>"390", "title"=>"Advance Physics", "subject_id"=>"1"}}
  [4;36;1mSubject Load (2.0ms)[0m   [0;1mSELECT * FROM "subjects" [0m
Rendering books/new
Completed in 92ms (View: 32, DB: 2) | 200 OK [http://localhost/books]


Processing BooksController#list (for 127.0.0.1 at 2021-08-02 13:59:39) [GET]
  [4;35;1mBook Load (1.0ms)[0m   [0mSELECT * FROM "books" [0m
Rendering books/list
Completed in 40ms (View: 8, DB: 1) | 200 OK [http://localhost/]


Processing BooksController#new (for 127.0.0.1 at 2021-08-02 13:59:44) [GET]
  [4;36;1mSubject Load (1.0ms)[0m   [0;1mSELECT * FROM "subjects" [0m
Rendering books/new
Completed in 88ms (View: 35, DB: 1) | 200 OK [http://localhost/books/new]


Processing BooksController#create (for 127.0.0.1 at 2021-08-02 13:59:54) [POST]
  Parameters: {"commit"=>"Create", "authenticity_token"=>"q9cFIDEwH6bHbgYR9WYnEdA4njWBVBnSAXB+uL6bOqo=", "books"=>{"description"=>"1111111111", "price"=>"390", "title"=>"Advance Physics", "subject_id"=>"1"}}
  [4;35;1mBook Create (210.0ms)[0m   [0mINSERT INTO "books" ("description", "created_at", "price", "title", "subject_id") VALUES('1111111111', '2021-08-02 07:29:54', 390.0, 'Advance Physics', 1)[0m

NoMethodError (undefined method `name' for #<Book:0x114996f0>):
  app/controllers/books_controller.rb:20:in `create'
  C:/Ruby187/lib/ruby/1.8/webrick/httpserver.rb:104:in `service'
  C:/Ruby187/lib/ruby/1.8/webrick/httpserver.rb:65:in `run'
  C:/Ruby187/lib/ruby/1.8/webrick/server.rb:173:in `start_thread'
  C:/Ruby187/lib/ruby/1.8/webrick/server.rb:162:in `start'
  C:/Ruby187/lib/ruby/1.8/webrick/server.rb:162:in `start_thread'
  C:/Ruby187/lib/ruby/1.8/webrick/server.rb:95:in `start'
  C:/Ruby187/lib/ruby/1.8/webrick/server.rb:92:in `each'
  C:/Ruby187/lib/ruby/1.8/webrick/server.rb:92:in `start'
  C:/Ruby187/lib/ruby/1.8/webrick/server.rb:23:in `start'
  C:/Ruby187/lib/ruby/1.8/webrick/server.rb:82:in `start'

Rendered rescues/_trace (248.0ms)
Rendered rescues/_request_and_response (1.0ms)
Rendering rescues/layout (internal_server_error)


Processing BooksController#create (for 127.0.0.1 at 2021-08-02 14:00:27) [POST]
  Parameters: {"commit"=>"Create", "authenticity_token"=>"q9cFIDEwH6bHbgYR9WYnEdA4njWBVBnSAXB+uL6bOqo=", "books"=>{"description"=>"1111111111", "price"=>"390", "title"=>"Advance Physics", "subject_id"=>"1"}}
  [4;36;1mBook Create (4.0ms)[0m   [0;1mINSERT INTO "books" ("description", "created_at", "price", "title", "subject_id") VALUES('1111111111', '2021-08-02 07:30:27', 390.0, 'Advance Physics', 1)[0m

NoMethodError (undefined method `name' for #<Book:0x11700630>):
  app/controllers/books_controller.rb:20:in `create'
  C:/Ruby187/lib/ruby/1.8/webrick/httpserver.rb:104:in `service'
  C:/Ruby187/lib/ruby/1.8/webrick/httpserver.rb:65:in `run'
  C:/Ruby187/lib/ruby/1.8/webrick/server.rb:173:in `start_thread'
  C:/Ruby187/lib/ruby/1.8/webrick/server.rb:162:in `start'
  C:/Ruby187/lib/ruby/1.8/webrick/server.rb:162:in `start_thread'
  C:/Ruby187/lib/ruby/1.8/webrick/server.rb:95:in `start'
  C:/Ruby187/lib/ruby/1.8/webrick/server.rb:92:in `each'
  C:/Ruby187/lib/ruby/1.8/webrick/server.rb:92:in `start'
  C:/Ruby187/lib/ruby/1.8/webrick/server.rb:23:in `start'
  C:/Ruby187/lib/ruby/1.8/webrick/server.rb:82:in `start'

Rendered rescues/_trace (189.9ms)
Rendered rescues/_request_and_response (1.0ms)
Rendering rescues/layout (internal_server_error)


Processing BooksController#create (for 127.0.0.1 at 2021-08-02 14:00:31) [POST]
  Parameters: {"commit"=>"Create", "authenticity_token"=>"q9cFIDEwH6bHbgYR9WYnEdA4njWBVBnSAXB+uL6bOqo=", "books"=>{"description"=>"1111111111", "price"=>"390", "title"=>"Advance Physics", "subject_id"=>"1"}}
  [4;35;1mBook Create (3841.8ms)[0m   [0mINSERT INTO "books" ("description", "created_at", "price", "title", "subject_id") VALUES('1111111111', '2021-08-02 07:30:32', 390.0, 'Advance Physics', 1)[0m

NoMethodError (undefined method `name' for #<Book:0x116037d8>):
  app/controllers/books_controller.rb:20:in `create'
  C:/Ruby187/lib/ruby/1.8/webrick/httpserver.rb:104:in `service'
  C:/Ruby187/lib/ruby/1.8/webrick/httpserver.rb:65:in `run'
  C:/Ruby187/lib/ruby/1.8/webrick/server.rb:173:in `start_thread'
  C:/Ruby187/lib/ruby/1.8/webrick/server.rb:162:in `start'
  C:/Ruby187/lib/ruby/1.8/webrick/server.rb:162:in `start_thread'
  C:/Ruby187/lib/ruby/1.8/webrick/server.rb:95:in `start'
  C:/Ruby187/lib/ruby/1.8/webrick/server.rb:92:in `each'
  C:/Ruby187/lib/ruby/1.8/webrick/server.rb:92:in `start'
  C:/Ruby187/lib/ruby/1.8/webrick/server.rb:23:in `start'
  C:/Ruby187/lib/ruby/1.8/webrick/server.rb:82:in `start'

Rendered rescues/_trace (142.0ms)
Rendered rescues/_request_and_response (1.0ms)
Rendering rescues/layout (internal_server_error)


Processing BooksController#create (for 127.0.0.1 at 2021-08-02 14:02:01) [POST]
  Parameters: {"commit"=>"Create", "authenticity_token"=>"q9cFIDEwH6bHbgYR9WYnEdA4njWBVBnSAXB+uL6bOqo=", "books"=>{"description"=>"1111111111", "price"=>"390", "title"=>"Advance Physics", "subject_id"=>"1"}}
  [4;36;1mBook Create (1.9ms)[0m   [0;1mINSERT INTO "books" ("description", "created_at", "price", "title", "subject_id") VALUES('1111111111', '2021-08-02 07:32:01', 390.0, 'Advance Physics', 1)[0m

NoMethodError (undefined method `name' for #<Book:0x1150afb8>):
  app/controllers/books_controller.rb:20:in `create'
  C:/Ruby187/lib/ruby/1.8/webrick/httpserver.rb:104:in `service'
  C:/Ruby187/lib/ruby/1.8/webrick/httpserver.rb:65:in `run'
  C:/Ruby187/lib/ruby/1.8/webrick/server.rb:173:in `start_thread'
  C:/Ruby187/lib/ruby/1.8/webrick/server.rb:162:in `start'
  C:/Ruby187/lib/ruby/1.8/webrick/server.rb:162:in `start_thread'
  C:/Ruby187/lib/ruby/1.8/webrick/server.rb:95:in `start'
  C:/Ruby187/lib/ruby/1.8/webrick/server.rb:92:in `each'
  C:/Ruby187/lib/ruby/1.8/webrick/server.rb:92:in `start'
  C:/Ruby187/lib/ruby/1.8/webrick/server.rb:23:in `start'
  C:/Ruby187/lib/ruby/1.8/webrick/server.rb:82:in `start'

Rendered rescues/_trace (128.0ms)
Rendered rescues/_request_and_response (1.0ms)
Rendering rescues/layout (internal_server_error)


Processing BooksController#create (for 127.0.0.1 at 2021-08-02 14:03:51) [POST]
  Parameters: {"commit"=>"Create", "authenticity_token"=>"q9cFIDEwH6bHbgYR9WYnEdA4njWBVBnSAXB+uL6bOqo=", "books"=>{"description"=>"1111111111", "price"=>"390", "title"=>"Advance Physics", "subject_id"=>"1"}}
  [4;35;1mSubject Load (1.0ms)[0m   [0mSELECT * FROM "subjects" [0m
Rendering books/new
Completed in 94ms (View: 33, DB: 1) | 200 OK [http://localhost/books]


Processing BooksController#create (for 127.0.0.1 at 2021-08-02 14:06:04) [POST]
  Parameters: {"commit"=>"Create", "authenticity_token"=>"q9cFIDEwH6bHbgYR9WYnEdA4njWBVBnSAXB+uL6bOqo=", "books"=>{"description"=>"444444444444444444444", "price"=>"234", "title"=>"Advance Mathematics", "subject_id"=>"2"}}
  [4;36;1mSubject Load (2.0ms)[0m   [0;1mSELECT * FROM "subjects" [0m
Rendering books/new
Completed in 104ms (View: 39, DB: 2) | 200 OK [http://localhost/books]


Processing BooksController#show (for 127.0.0.1 at 2021-08-02 14:06:06) [GET]

ActiveRecord::RecordNotFound (Couldn't find Book without an ID):
  app/controllers/books_controller.rb:7:in `show'
  C:/Ruby187/lib/ruby/1.8/webrick/httpserver.rb:104:in `service'
  C:/Ruby187/lib/ruby/1.8/webrick/httpserver.rb:65:in `run'
  C:/Ruby187/lib/ruby/1.8/webrick/server.rb:173:in `start_thread'
  C:/Ruby187/lib/ruby/1.8/webrick/server.rb:162:in `start'
  C:/Ruby187/lib/ruby/1.8/webrick/server.rb:162:in `start_thread'
  C:/Ruby187/lib/ruby/1.8/webrick/server.rb:95:in `start'
  C:/Ruby187/lib/ruby/1.8/webrick/server.rb:92:in `each'
  C:/Ruby187/lib/ruby/1.8/webrick/server.rb:92:in `start'
  C:/Ruby187/lib/ruby/1.8/webrick/server.rb:23:in `start'
  C:/Ruby187/lib/ruby/1.8/webrick/server.rb:82:in `start'

Rendered rescues/_trace (145.0ms)
Rendered rescues/_request_and_response (1.0ms)
Rendering rescues/layout (not_found)


Processing BooksController#list (for 127.0.0.1 at 2021-08-02 14:07:17) [GET]
  [4;35;1mBook Load (3.0ms)[0m   [0mSELECT * FROM "books" [0m
Rendering books/list
Completed in 59ms (View: 15, DB: 3) | 200 OK [http://localhost/]


Processing BooksController#new (for 127.0.0.1 at 2021-08-02 14:07:19) [GET]
  [4;36;1mSubject Load (1.0ms)[0m   [0;1mSELECT * FROM "subjects" [0m
Rendering books/new
Completed in 181ms (View: 139, DB: 1) | 200 OK [http://localhost/books/new]


Processing BooksController#new (for 127.0.0.1 at 2021-08-02 14:07:20) [GET]
  [4;35;1mSubject Load (1.0ms)[0m   [0mSELECT * FROM "subjects" [0m
Rendering books/new
Completed in 66ms (View: 25, DB: 1) | 200 OK [http://localhost/books/new]


Processing BooksController#index (for 127.0.0.1 at 2021-08-02 14:07:22) [GET]

ActionController::UnknownAction (No action responded to index. Actions: create, delete, edit, list, new, show, show_subjects, and update):
  C:/Ruby187/lib/ruby/1.8/webrick/httpserver.rb:104:in `service'
  C:/Ruby187/lib/ruby/1.8/webrick/httpserver.rb:65:in `run'
  C:/Ruby187/lib/ruby/1.8/webrick/server.rb:173:in `start_thread'
  C:/Ruby187/lib/ruby/1.8/webrick/server.rb:162:in `start'
  C:/Ruby187/lib/ruby/1.8/webrick/server.rb:162:in `start_thread'
  C:/Ruby187/lib/ruby/1.8/webrick/server.rb:95:in `start'
  C:/Ruby187/lib/ruby/1.8/webrick/server.rb:92:in `each'
  C:/Ruby187/lib/ruby/1.8/webrick/server.rb:92:in `start'
  C:/Ruby187/lib/ruby/1.8/webrick/server.rb:23:in `start'
  C:/Ruby187/lib/ruby/1.8/webrick/server.rb:82:in `start'

Rendering rescues/layout (not_found)


Processing BooksController#show (for 127.0.0.1 at 2021-08-02 14:07:37) [GET]
  Parameters: {"id"=>"1"}
  [4;36;1mBook Load (0.0ms)[0m   [0;1mSELECT * FROM "books" WHERE ("books"."id" = 1) [0m
Rendering books/show
  [4;35;1mSubject Load (1.0ms)[0m   [0mSELECT * FROM "subjects" WHERE ("subjects"."id" = 1) [0m
Completed in 159ms (View: 133, DB: 1) | 200 OK [http://localhost/books/1]


Processing BooksController#new (for 127.0.0.1 at 2021-08-02 14:07:59) [GET]
  [4;36;1mSubject Load (2.0ms)[0m   [0;1mSELECT * FROM "subjects" [0m
Rendering books/new
Completed in 87ms (View: 31, DB: 2) | 200 OK [http://localhost/books/new]


Processing BooksController#show (for 127.0.0.1 at 2021-08-02 14:08:01) [GET]

ActiveRecord::RecordNotFound (Couldn't find Book without an ID):
  app/controllers/books_controller.rb:7:in `show'
  C:/Ruby187/lib/ruby/1.8/webrick/httpserver.rb:104:in `service'
  C:/Ruby187/lib/ruby/1.8/webrick/httpserver.rb:65:in `run'
  C:/Ruby187/lib/ruby/1.8/webrick/server.rb:173:in `start_thread'
  C:/Ruby187/lib/ruby/1.8/webrick/server.rb:162:in `start'
  C:/Ruby187/lib/ruby/1.8/webrick/server.rb:162:in `start_thread'
  C:/Ruby187/lib/ruby/1.8/webrick/server.rb:95:in `start'
  C:/Ruby187/lib/ruby/1.8/webrick/server.rb:92:in `each'
  C:/Ruby187/lib/ruby/1.8/webrick/server.rb:92:in `start'
  C:/Ruby187/lib/ruby/1.8/webrick/server.rb:23:in `start'
  C:/Ruby187/lib/ruby/1.8/webrick/server.rb:82:in `start'

Rendered rescues/_trace (118.0ms)
Rendered rescues/_request_and_response (1.0ms)
Rendering rescues/layout (not_found)


Processing BooksController#index (for 127.0.0.1 at 2021-08-02 14:08:16) [GET]

ActionController::UnknownAction (No action responded to index. Actions: create, delete, edit, list, new, show, show_subjects, and update):
  C:/Ruby187/lib/ruby/1.8/webrick/httpserver.rb:104:in `service'
  C:/Ruby187/lib/ruby/1.8/webrick/httpserver.rb:65:in `run'
  C:/Ruby187/lib/ruby/1.8/webrick/server.rb:173:in `start_thread'
  C:/Ruby187/lib/ruby/1.8/webrick/server.rb:162:in `start'
  C:/Ruby187/lib/ruby/1.8/webrick/server.rb:162:in `start_thread'
  C:/Ruby187/lib/ruby/1.8/webrick/server.rb:95:in `start'
  C:/Ruby187/lib/ruby/1.8/webrick/server.rb:92:in `each'
  C:/Ruby187/lib/ruby/1.8/webrick/server.rb:92:in `start'
  C:/Ruby187/lib/ruby/1.8/webrick/server.rb:23:in `start'
  C:/Ruby187/lib/ruby/1.8/webrick/server.rb:82:in `start'

Rendering rescues/layout (not_found)


Processing BooksController#new (for 127.0.0.1 at 2021-08-02 14:11:02) [GET]
  [4;35;1mSubject Load (0.0ms)[0m   [0mSELECT * FROM "subjects" [0m
Rendering books/new
Completed in 136ms (View: 48, DB: 0) | 200 OK [http://localhost/books/new]


Processing BooksController#create (for 127.0.0.1 at 2021-08-02 14:11:24) [POST]
  Parameters: {"commit"=>"Create", "authenticity_token"=>"q9cFIDEwH6bHbgYR9WYnEdA4njWBVBnSAXB+uL6bOqo=", "books"=>{"description"=>"12345678", "price"=>"233", "title"=>"Advance Chemistry", "subject_id"=>"3"}}
Rendering books/new

ActionView::TemplateError (You have a nil object when you didn't expect it!
You might have expected an instance of Array.
The error occurred while evaluating nil.map) on line #12 of app/views/books/new.html.erb:
9:     <%= text_field 'books', 'price' %></p>
10:     <p><label for = "book_subject_id">Subject</label>:
11: 
12:     <%= collection_select(:books, :subject_id, @subjects, :id, :name, :prompt => true) %></p>
13:     <p><label for = "book_description">Description</label><br/>
14: 
15:     <%= text_area 'books', 'description' %></p>

    app/views/books/new.html.erb:12
    app/views/books/new.html.erb:3
    app/controllers/books_controller.rb:28:in `create'
    app/controllers/books_controller.rb:21:in `create'
    C:/Ruby187/lib/ruby/1.8/webrick/httpserver.rb:104:in `service'
    C:/Ruby187/lib/ruby/1.8/webrick/httpserver.rb:65:in `run'
    C:/Ruby187/lib/ruby/1.8/webrick/server.rb:173:in `start_thread'
    C:/Ruby187/lib/ruby/1.8/webrick/server.rb:162:in `start'
    C:/Ruby187/lib/ruby/1.8/webrick/server.rb:162:in `start_thread'
    C:/Ruby187/lib/ruby/1.8/webrick/server.rb:95:in `start'
    C:/Ruby187/lib/ruby/1.8/webrick/server.rb:92:in `each'
    C:/Ruby187/lib/ruby/1.8/webrick/server.rb:92:in `start'
    C:/Ruby187/lib/ruby/1.8/webrick/server.rb:23:in `start'
    C:/Ruby187/lib/ruby/1.8/webrick/server.rb:82:in `start'

Rendered rescues/_trace (248.0ms)
Rendered rescues/_request_and_response (2.0ms)
Rendering rescues/layout (internal_server_error)


Processing BooksController#create (for 127.0.0.1 at 2021-08-02 14:11:54) [POST]
  Parameters: {"commit"=>"Create", "authenticity_token"=>"q9cFIDEwH6bHbgYR9WYnEdA4njWBVBnSAXB+uL6bOqo=", "books"=>{"description"=>"12345678", "price"=>"233", "title"=>"Advance Chemistry", "subject_id"=>"3"}}
Rendering books/new

ActionView::TemplateError (You have a nil object when you didn't expect it!
You might have expected an instance of Array.
The error occurred while evaluating nil.map) on line #12 of app/views/books/new.html.erb:
9:     <%= text_field 'books', 'price' %></p>
10:     <p><label for = "book_subject_id">Subject</label>:
11: 
12:     <%= collection_select(:books, :subject_id, @subjects, :id, :name, :prompt => true) %></p>
13:     <p><label for = "book_description">Description</label><br/>
14: 
15:     <%= text_area 'books', 'description' %></p>

    app/views/books/new.html.erb:12
    app/views/books/new.html.erb:3
    app/controllers/books_controller.rb:28:in `create'
    app/controllers/books_controller.rb:21:in `create'
    C:/Ruby187/lib/ruby/1.8/webrick/httpserver.rb:104:in `service'
    C:/Ruby187/lib/ruby/1.8/webrick/httpserver.rb:65:in `run'
    C:/Ruby187/lib/ruby/1.8/webrick/server.rb:173:in `start_thread'
    C:/Ruby187/lib/ruby/1.8/webrick/server.rb:162:in `start'
    C:/Ruby187/lib/ruby/1.8/webrick/server.rb:162:in `start_thread'
    C:/Ruby187/lib/ruby/1.8/webrick/server.rb:95:in `start'
    C:/Ruby187/lib/ruby/1.8/webrick/server.rb:92:in `each'
    C:/Ruby187/lib/ruby/1.8/webrick/server.rb:92:in `start'
    C:/Ruby187/lib/ruby/1.8/webrick/server.rb:23:in `start'
    C:/Ruby187/lib/ruby/1.8/webrick/server.rb:82:in `start'

Rendered rescues/_trace (192.0ms)
Rendered rescues/_request_and_response (2.0ms)
Rendering rescues/layout (internal_server_error)


Processing BooksController#create (for 127.0.0.1 at 2021-08-02 14:13:05) [POST]
  Parameters: {"commit"=>"Create", "authenticity_token"=>"q9cFIDEwH6bHbgYR9WYnEdA4njWBVBnSAXB+uL6bOqo=", "books"=>{"description"=>"12345678", "price"=>"233", "title"=>"Advance Chemistry", "subject_id"=>"3"}}
  [4;36;1mSubject Load (3.0ms)[0m   [0;1mSELECT * FROM "subjects" [0m
Rendering books/new
Completed in 109ms (View: 39, DB: 3) | 200 OK [http://localhost/books]


Processing BooksController#show (for 127.0.0.1 at 2021-08-02 14:13:07) [GET]

ActiveRecord::RecordNotFound (Couldn't find Book without an ID):
  app/controllers/books_controller.rb:7:in `show'
  C:/Ruby187/lib/ruby/1.8/webrick/httpserver.rb:104:in `service'
  C:/Ruby187/lib/ruby/1.8/webrick/httpserver.rb:65:in `run'
  C:/Ruby187/lib/ruby/1.8/webrick/server.rb:173:in `start_thread'
  C:/Ruby187/lib/ruby/1.8/webrick/server.rb:162:in `start'
  C:/Ruby187/lib/ruby/1.8/webrick/server.rb:162:in `start_thread'
  C:/Ruby187/lib/ruby/1.8/webrick/server.rb:95:in `start'
  C:/Ruby187/lib/ruby/1.8/webrick/server.rb:92:in `each'
  C:/Ruby187/lib/ruby/1.8/webrick/server.rb:92:in `start'
  C:/Ruby187/lib/ruby/1.8/webrick/server.rb:23:in `start'
  C:/Ruby187/lib/ruby/1.8/webrick/server.rb:82:in `start'

Rendered rescues/_trace (193.0ms)
Rendered rescues/_request_and_response (1.0ms)
Rendering rescues/layout (not_found)


Processing BooksController#list (for 127.0.0.1 at 2021-08-02 14:14:03) [GET]
  [4;35;1mBook Load (2.1ms)[0m   [0mSELECT * FROM "books" [0m
Rendering books/list
Completed in 46ms (View: 14, DB: 2) | 200 OK [http://localhost/]


Processing BooksController#list (for 127.0.0.1 at 2021-08-02 14:14:07) [GET]
  [4;36;1mBook Load (2.0ms)[0m   [0;1mSELECT * FROM "books" [0m
Rendering books/list
Completed in 47ms (View: 14, DB: 2) | 200 OK [http://localhost/]


Processing BooksController#show (for 127.0.0.1 at 2021-08-02 14:14:10) [GET]
  Parameters: {"id"=>"4"}
  [4;35;1mBook Load (1.0ms)[0m   [0mSELECT * FROM "books" WHERE ("books"."id" = 4) [0m
Rendering books/show
  [4;36;1mSubject Load (1.0ms)[0m   [0;1mSELECT * FROM "subjects" WHERE ("subjects"."id" = 1) [0m
Completed in 76ms (View: 41, DB: 2) | 200 OK [http://localhost/books/4]


Processing BooksController#new (for 127.0.0.1 at 2021-08-02 14:14:38) [GET]
  [4;35;1mSubject Load (1.0ms)[0m   [0mSELECT * FROM "subjects" [0m
Rendering books/new
Completed in 63ms (View: 26, DB: 1) | 200 OK [http://localhost/books/new]


Processing BooksController#create (for 127.0.0.1 at 2021-08-02 14:14:48) [POST]
  Parameters: {"commit"=>"Create", "authenticity_token"=>"q9cFIDEwH6bHbgYR9WYnEdA4njWBVBnSAXB+uL6bOqo=", "books"=>{"description"=>"3333333333333333333", "price"=>"390", "title"=>"Advance Chemistry", "subject_id"=>"3"}}
  [4;36;1mSubject Load (1.0ms)[0m   [0;1mSELECT * FROM "subjects" [0m
Rendering books/new
Completed in 93ms (View: 34, DB: 1) | 200 OK [http://localhost/books]


Processing BooksController#list (for 127.0.0.1 at 2021-08-02 14:14:56) [GET]
  [4;35;1mBook Load (2.0ms)[0m   [0mSELECT * FROM "books" [0m
Rendering books/list
Completed in 147ms (View: 19, DB: 2) | 200 OK [http://localhost/]


Processing BooksController#new (for 127.0.0.1 at 2021-08-02 14:19:36) [GET]
  [4;36;1mSubject Load (1.0ms)[0m   [0;1mSELECT * FROM "subjects" [0m
Rendering books/new
Completed in 89ms (View: 36, DB: 1) | 200 OK [http://localhost/books/new]


Processing BooksController#list (for 127.0.0.1 at 2021-08-02 14:23:20) [GET]
  [4;35;1mBook Load (2.0ms)[0m   [0mSELECT * FROM "books" [0m
Rendering books/list
Completed in 64ms (View: 18, DB: 2) | 200 OK [http://localhost/]


Processing BooksController#show (for 127.0.0.1 at 2021-08-02 14:23:22) [GET]
  Parameters: {"id"=>"3"}
  [4;36;1mBook Load (1.0ms)[0m   [0;1mSELECT * FROM "books" WHERE ("books"."id" = 3) [0m
Rendering books/show
  [4;35;1mSubject Load (0.0ms)[0m   [0mSELECT * FROM "subjects" WHERE ("subjects"."id" = 1) [0m
Completed in 78ms (View: 42, DB: 1) | 200 OK [http://localhost/books/3]


Processing BooksController#list (for 127.0.0.1 at 2021-08-02 14:23:23) [GET]
  [4;36;1mBook Load (2.0ms)[0m   [0;1mSELECT * FROM "books" [0m
Rendering books/list
Completed in 53ms (View: 16, DB: 2) | 200 OK [http://localhost/]


Processing BooksController#show (for 127.0.0.1 at 2021-08-02 14:23:26) [GET]
  Parameters: {"id"=>"3"}
  [4;35;1mBook Load (1.9ms)[0m   [0mSELECT * FROM "books" WHERE ("books"."id" = 3) [0m
Rendering books/show
  [4;36;1mSubject Load (1.0ms)[0m   [0;1mSELECT * FROM "subjects" WHERE ("subjects"."id" = 1) [0m
Completed in 77ms (View: 39, DB: 3) | 200 OK [http://localhost/books/3]


Processing BooksController#list (for 127.0.0.1 at 2021-08-02 14:24:11) [GET]
  [4;35;1mBook Load (2.0ms)[0m   [0mSELECT * FROM "books" [0m
Rendering books/list
Completed in 59ms (View: 19, DB: 2) | 200 OK [http://localhost/]


Processing BooksController#new (for 127.0.0.1 at 2021-08-02 14:24:13) [GET]
  [4;36;1mSubject Load (1.1ms)[0m   [0;1mSELECT * FROM "subjects" [0m
Rendering books/new
Completed in 105ms (View: 51, DB: 1) | 200 OK [http://localhost/books/new]


Processing BooksController#new (for 127.0.0.1 at 2021-08-02 14:24:13) [GET]
  [4;35;1mSubject Load (1.0ms)[0m   [0mSELECT * FROM "subjects" [0m
Rendering books/new
Completed in 129ms (View: 54, DB: 1) | 200 OK [http://localhost/books/new]


Processing BooksController#show (for 127.0.0.1 at 2021-08-02 14:24:14) [GET]

ActiveRecord::RecordNotFound (Couldn't find Book without an ID):
  app/controllers/books_controller.rb:7:in `show'
  C:/Ruby187/lib/ruby/1.8/webrick/httpserver.rb:104:in `service'
  C:/Ruby187/lib/ruby/1.8/webrick/httpserver.rb:65:in `run'
  C:/Ruby187/lib/ruby/1.8/webrick/server.rb:173:in `start_thread'
  C:/Ruby187/lib/ruby/1.8/webrick/server.rb:162:in `start'
  C:/Ruby187/lib/ruby/1.8/webrick/server.rb:162:in `start_thread'
  C:/Ruby187/lib/ruby/1.8/webrick/server.rb:95:in `start'
  C:/Ruby187/lib/ruby/1.8/webrick/server.rb:92:in `each'
  C:/Ruby187/lib/ruby/1.8/webrick/server.rb:92:in `start'
  C:/Ruby187/lib/ruby/1.8/webrick/server.rb:23:in `start'
  C:/Ruby187/lib/ruby/1.8/webrick/server.rb:82:in `start'

Rendered rescues/_trace (309.0ms)
Rendered rescues/_request_and_response (2.0ms)
Rendering rescues/layout (not_found)


Processing BooksController#list (for 127.0.0.1 at 2021-08-02 14:24:18) [GET]
  [4;36;1mBook Load (2.0ms)[0m   [0;1mSELECT * FROM "books" [0m
Rendering books/list
Completed in 71ms (View: 21, DB: 2) | 200 OK [http://localhost/]


Processing BooksController#list (for 127.0.0.1 at 2021-08-02 14:29:14) [GET]
  [4;35;1mBook Load (1.0ms)[0m   [0mSELECT * FROM "books" [0m
Rendering books/list
Completed in 71ms (View: 36, DB: 1) | 200 OK [http://localhost/]


Processing BooksController#edit (for 127.0.0.1 at 2021-08-02 14:29:15) [GET]
  Parameters: {"id"=>"1"}
  [4;36;1mBook Load (1.0ms)[0m   [0;1mSELECT * FROM "books" WHERE ("books"."id" = 1) [0m
  [4;35;1mSubject Load (1.0ms)[0m   [0mSELECT * FROM "subjects" [0m
Rendering books/edit
  [4;36;1mCACHE (0.0ms)[0m   [0;1mSELECT * FROM "subjects" [0m
Completed in 109ms (View: 43, DB: 2) | 200 OK [http://localhost/books/1/edit]


Processing BooksController#update (for 127.0.0.1 at 2021-08-02 14:30:05) [PUT]
  Parameters: {"commit"=>"Save changes", "authenticity_token"=>"q9cFIDEwH6bHbgYR9WYnEdA4njWBVBnSAXB+uL6bOqo=", "id"=>"1", "book"=>{"description"=>"111111111", "price"=>"390.0", "title"=>"Advance Physics", "subject_id"=>"1"}}
  [4;35;1mBook Load (1.0ms)[0m   [0mSELECT * FROM "books" WHERE ("books"."id" = 1) [0m
Redirected to http://localhost:3000/books/1
Completed in 45ms (DB: 1) | 302 Found [http://localhost/books/1]


Processing BooksController#show (for 127.0.0.1 at 2021-08-02 14:30:05) [GET]
  Parameters: {"id"=>"1"}
  [4;36;1mBook Load (1.0ms)[0m   [0;1mSELECT * FROM "books" WHERE ("books"."id" = 1) [0m
Rendering books/show
  [4;35;1mSubject Load (1.0ms)[0m   [0mSELECT * FROM "subjects" WHERE ("subjects"."id" = 1) [0m
Completed in 72ms (View: 38, DB: 2) | 200 OK [http://localhost/books/1]


Processing BooksController#list (for 127.0.0.1 at 2021-08-02 14:30:08) [GET]
  [4;36;1mBook Load (2.0ms)[0m   [0;1mSELECT * FROM "books" [0m
Rendering books/list
Completed in 51ms (View: 17, DB: 2) | 200 OK [http://localhost/]


Processing BooksController#list (for 127.0.0.1 at 2021-08-02 14:49:59) [GET]
  [4;35;1mBook Load (2.0ms)[0m   [0mSELECT * FROM "books" [0m
Rendering books/list
  [4;36;1mSubject Load (1.0ms)[0m   [0;1mSELECT * FROM "subjects" [0m
Completed in 120ms (View: 87, DB: 3) | 200 OK [http://localhost/]


Processing BooksController#show_subjects (for 127.0.0.1 at 2021-08-02 14:50:05) [GET]
  Parameters: {"id"=>"1"}
  [4;35;1mSubject Load (1.0ms)[0m   [0mSELECT * FROM "subjects" WHERE ("subjects"."id" = 1) [0m
Rendering books/show_subjects
  [4;36;1mBook Load (1.0ms)[0m   [0;1mSELECT * FROM "books" WHERE ("books".subject_id = 1) [0m
Completed in 187ms (View: 149, DB: 2) | 200 OK [http://localhost/books/show_subjects/1]


Processing BooksController#show_subjects (for 127.0.0.1 at 2021-08-02 14:50:09) [GET]
  Parameters: {"id"=>"2"}
  [4;35;1mSubject Load (1.0ms)[0m   [0mSELECT * FROM "subjects" WHERE ("subjects"."id" = 2) [0m
Rendering books/show_subjects
  [4;36;1mBook Load (1.0ms)[0m   [0;1mSELECT * FROM "books" WHERE ("books".subject_id = 2) [0m
Completed in 74ms (View: 37, DB: 2) | 200 OK [http://localhost/books/show_subjects/2]


Processing BooksController#new (for 127.0.0.1 at 2021-08-02 14:50:15) [GET]
  [4;35;1mSubject Load (2.0ms)[0m   [0mSELECT * FROM "subjects" [0m
Rendering books/new
Completed in 104ms (View: 47, DB: 2) | 200 OK [http://localhost/books/new]


Processing BooksController#create (for 127.0.0.1 at 2021-08-02 14:50:26) [POST]
  Parameters: {"commit"=>"Create", "authenticity_token"=>"q9cFIDEwH6bHbgYR9WYnEdA4njWBVBnSAXB+uL6bOqo=", "books"=>{"description"=>"56777777", "price"=>"233", "title"=>"Advance Chemistry", "subject_id"=>"3"}}
  [4;36;1mSubject Load (1.0ms)[0m   [0;1mSELECT * FROM "subjects" [0m
Rendering books/new
Completed in 95ms (View: 32, DB: 1) | 200 OK [http://localhost/books]


Processing BooksController#list (for 127.0.0.1 at 2021-08-02 14:50:28) [GET]
  [4;35;1mBook Load (2.0ms)[0m   [0mSELECT * FROM "books" [0m
Rendering books/list
  [4;36;1mSubject Load (1.0ms)[0m   [0;1mSELECT * FROM "subjects" [0m
Completed in 104ms (View: 69, DB: 3) | 200 OK [http://localhost/]


Processing BooksController#show_subjects (for 127.0.0.1 at 2021-08-02 14:50:44) [GET]
  Parameters: {"id"=>"2"}
  [4;35;1mSubject Load (0.0ms)[0m   [0mSELECT * FROM "subjects" WHERE ("subjects"."id" = 2) [0m
Rendering books/show_subjects
  [4;36;1mBook Load (1.1ms)[0m   [0;1mSELECT * FROM "books" WHERE ("books".subject_id = 2) [0m
Completed in 49ms (View: 23, DB: 1) | 200 OK [http://localhost/books/show_subjects/2]


Processing BooksController#show_subjects (for 127.0.0.1 at 2021-08-02 14:50:48) [GET]
  Parameters: {"id"=>"1"}
  [4;35;1mSubject Load (1.0ms)[0m   [0mSELECT * FROM "subjects" WHERE ("subjects"."id" = 1) [0m
Rendering books/show_subjects
  [4;36;1mBook Load (1.0ms)[0m   [0;1mSELECT * FROM "books" WHERE ("books".subject_id = 1) [0m
Completed in 77ms (View: 42, DB: 2) | 200 OK [http://localhost/books/show_subjects/1]


Processing BooksController#list (for 127.0.0.1 at 2021-08-02 14:50:53) [GET]
  [4;35;1mBook Load (1.0ms)[0m   [0mSELECT * FROM "books" [0m
Rendering books/list
  [4;36;1mSubject Load (1.0ms)[0m   [0;1mSELECT * FROM "subjects" [0m
Completed in 100ms (View: 64, DB: 2) | 200 OK [http://localhost/]


Processing BooksController#list (for 127.0.0.1 at 2021-08-02 14:51:08) [GET]
  [4;35;1mBook Load (2.0ms)[0m   [0mSELECT * FROM "books" [0m
Rendering books/list
  [4;36;1mSubject Load (2.0ms)[0m   [0;1mSELECT * FROM "subjects" [0m
Completed in 110ms (View: 67, DB: 4) | 200 OK [http://localhost/]


Processing BooksController#new (for 127.0.0.1 at 2021-08-02 14:51:32) [GET]
  [4;35;1mSubject Load (1.0ms)[0m   [0mSELECT * FROM "subjects" [0m
Rendering books/new
Completed in 66ms (View: 27, DB: 1) | 200 OK [http://localhost/books/new]


Processing BooksController#create (for 127.0.0.1 at 2021-08-02 14:51:46) [POST]
  Parameters: {"commit"=>"Create", "authenticity_token"=>"q9cFIDEwH6bHbgYR9WYnEdA4njWBVBnSAXB+uL6bOqo=", "books"=>{"description"=>"123456778", "price"=>"234", "title"=>"Advance Chemistry", "subject_id"=>"3"}}
  [4;36;1mBook Create (2.0ms)[0m   [0;1mINSERT INTO "books" ("description", "created_at", "price", "title", "subject_id") VALUES('123456778', '2021-08-02 08:21:46', 234.0, 'Advance Chemistry', 3)[0m

NoMethodError (undefined method `name' for #<Book:0x11750e68>):
  app/controllers/books_controller.rb:20:in `create'
  C:/Ruby187/lib/ruby/1.8/webrick/httpserver.rb:104:in `service'
  C:/Ruby187/lib/ruby/1.8/webrick/httpserver.rb:65:in `run'
  C:/Ruby187/lib/ruby/1.8/webrick/server.rb:173:in `start_thread'
  C:/Ruby187/lib/ruby/1.8/webrick/server.rb:162:in `start'
  C:/Ruby187/lib/ruby/1.8/webrick/server.rb:162:in `start_thread'
  C:/Ruby187/lib/ruby/1.8/webrick/server.rb:95:in `start'
  C:/Ruby187/lib/ruby/1.8/webrick/server.rb:92:in `each'
  C:/Ruby187/lib/ruby/1.8/webrick/server.rb:92:in `start'
  C:/Ruby187/lib/ruby/1.8/webrick/server.rb:23:in `start'
  C:/Ruby187/lib/ruby/1.8/webrick/server.rb:82:in `start'

Rendered rescues/_trace (131.0ms)
Rendered rescues/_request_and_response (1.0ms)
Rendering rescues/layout (internal_server_error)


Processing BooksController#create (for 127.0.0.1 at 2021-08-02 14:57:13) [POST]
  Parameters: {"commit"=>"Create", "authenticity_token"=>"q9cFIDEwH6bHbgYR9WYnEdA4njWBVBnSAXB+uL6bOqo=", "books"=>{"description"=>"123456778", "price"=>"234", "title"=>"Advance Chemistry", "subject_id"=>"3"}}

NameError (uninitialized constant BooksController::Books):
  app/controllers/books_controller.rb:17:in `create'
  C:/Ruby187/lib/ruby/1.8/webrick/httpserver.rb:104:in `service'
  C:/Ruby187/lib/ruby/1.8/webrick/httpserver.rb:65:in `run'
  C:/Ruby187/lib/ruby/1.8/webrick/server.rb:173:in `start_thread'
  C:/Ruby187/lib/ruby/1.8/webrick/server.rb:162:in `start'
  C:/Ruby187/lib/ruby/1.8/webrick/server.rb:162:in `start_thread'
  C:/Ruby187/lib/ruby/1.8/webrick/server.rb:95:in `start'
  C:/Ruby187/lib/ruby/1.8/webrick/server.rb:92:in `each'
  C:/Ruby187/lib/ruby/1.8/webrick/server.rb:92:in `start'
  C:/Ruby187/lib/ruby/1.8/webrick/server.rb:23:in `start'
  C:/Ruby187/lib/ruby/1.8/webrick/server.rb:82:in `start'

Rendered rescues/_trace (134.9ms)
Rendered rescues/_request_and_response (1.0ms)
Rendering rescues/layout (internal_server_error)


Processing BooksController#create (for 127.0.0.1 at 2021-08-02 14:59:08) [POST]
  Parameters: {"commit"=>"Create", "authenticity_token"=>"q9cFIDEwH6bHbgYR9WYnEdA4njWBVBnSAXB+uL6bOqo=", "books"=>{"description"=>"123456778", "price"=>"234", "title"=>"Advance Chemistry", "subject_id"=>"3"}}
  [4;35;1mBook Create (38.0ms)[0m   [0mINSERT INTO "books" ("description", "created_at", "price", "title", "subject_id") VALUES('123456778', '2021-08-02 08:29:08', 234.0, 'Advance Chemistry', 3)[0m

NoMethodError (undefined method `name' for #<Book:0x115683c0>):
  app/controllers/books_controller.rb:20:in `create'
  C:/Ruby187/lib/ruby/1.8/webrick/httpserver.rb:104:in `service'
  C:/Ruby187/lib/ruby/1.8/webrick/httpserver.rb:65:in `run'
  C:/Ruby187/lib/ruby/1.8/webrick/server.rb:173:in `start_thread'
  C:/Ruby187/lib/ruby/1.8/webrick/server.rb:162:in `start'
  C:/Ruby187/lib/ruby/1.8/webrick/server.rb:162:in `start_thread'
  C:/Ruby187/lib/ruby/1.8/webrick/server.rb:95:in `start'
  C:/Ruby187/lib/ruby/1.8/webrick/server.rb:92:in `each'
  C:/Ruby187/lib/ruby/1.8/webrick/server.rb:92:in `start'
  C:/Ruby187/lib/ruby/1.8/webrick/server.rb:23:in `start'
  C:/Ruby187/lib/ruby/1.8/webrick/server.rb:82:in `start'

Rendered rescues/_trace (218.0ms)
Rendered rescues/_request_and_response (2.0ms)
Rendering rescues/layout (internal_server_error)


Processing BooksController#create (for 127.0.0.1 at 2021-08-02 14:59:51) [POST]
  Parameters: {"commit"=>"Create", "authenticity_token"=>"q9cFIDEwH6bHbgYR9WYnEdA4njWBVBnSAXB+uL6bOqo=", "books"=>{"description"=>"123456778", "price"=>"234", "title"=>"Advance Chemistry", "subject_id"=>"3"}}
  [4;36;1mBook Create (3.1ms)[0m   [0;1mINSERT INTO "books" ("description", "created_at", "price", "title", "subject_id") VALUES('123456778', '2021-08-02 08:29:52', 234.0, 'Advance Chemistry', 3)[0m
Redirected to http://localhost:3000/
Completed in 216ms (DB: 3) | 302 Found [http://localhost/books]


Processing BooksController#list (for 127.0.0.1 at 2021-08-02 14:59:52) [GET]
  [4;35;1mBook Load (3.1ms)[0m   [0mSELECT * FROM "books" [0m
Rendering books/list
  [4;36;1mSubject Load (1.0ms)[0m   [0;1mSELECT * FROM "subjects" [0m
Completed in 113ms (View: 75, DB: 4) | 200 OK [http://localhost/]


Processing BooksController#delete (for 127.0.0.1 at 2021-08-02 15:00:08) [GET]
  Parameters: {"id"=>"4"}
  [4;35;1mBook Load (0.0ms)[0m   [0mSELECT * FROM "books" WHERE ("books"."id" = 4) [0m
  [4;36;1mBook Destroy (2.0ms)[0m   [0;1mDELETE FROM "books" WHERE "id" = 4[0m
Redirected to http://localhost:3000/
Completed in 156ms (DB: 2) | 302 Found [http://localhost/books/delete/4]


Processing BooksController#list (for 127.0.0.1 at 2021-08-02 15:00:08) [GET]
  [4;35;1mBook Load (2.1ms)[0m   [0mSELECT * FROM "books" [0m
Rendering books/list
  [4;36;1mSubject Load (1.0ms)[0m   [0;1mSELECT * FROM "subjects" [0m
Completed in 104ms (View: 69, DB: 3) | 200 OK [http://localhost/]


Processing BooksController#edit (for 127.0.0.1 at 2021-08-02 15:00:33) [GET]
  Parameters: {"id"=>"5"}
  [4;35;1mBook Load (0.0ms)[0m   [0mSELECT * FROM "books" WHERE ("books"."id" = 5) [0m
  [4;36;1mSubject Load (0.9ms)[0m   [0;1mSELECT * FROM "subjects" [0m
Rendering books/edit
  [4;35;1mCACHE (0.0ms)[0m   [0mSELECT * FROM "subjects" [0m
Completed in 58ms (View: 15, DB: 1) | 200 OK [http://localhost/books/5/edit]


Processing BooksController#update (for 127.0.0.1 at 2021-08-02 15:00:47) [PUT]
  Parameters: {"commit"=>"Save changes", "authenticity_token"=>"q9cFIDEwH6bHbgYR9WYnEdA4njWBVBnSAXB+uL6bOqo=", "id"=>"5", "book"=>{"description"=>"123456778", "price"=>"1234", "title"=>"Advance Psychology", "subject_id"=>"4"}}
  [4;36;1mBook Load (1.0ms)[0m   [0;1mSELECT * FROM "books" WHERE ("books"."id" = 5) [0m
Redirected to http://localhost:3000/books/5
Completed in 46ms (DB: 1) | 302 Found [http://localhost/books/5]


Processing BooksController#show (for 127.0.0.1 at 2021-08-02 15:00:47) [GET]
  Parameters: {"id"=>"5"}
  [4;35;1mBook Load (1.0ms)[0m   [0mSELECT * FROM "books" WHERE ("books"."id" = 5) [0m
Rendering books/show
  [4;36;1mSubject Load (0.0ms)[0m   [0;1mSELECT * FROM "subjects" WHERE ("subjects"."id" = 3) [0m
Completed in 94ms (View: 59, DB: 1) | 200 OK [http://localhost/books/5]


Processing BooksController#list (for 127.0.0.1 at 2021-08-02 15:00:50) [GET]
  [4;35;1mBook Load (2.0ms)[0m   [0mSELECT * FROM "books" [0m
Rendering books/list
  [4;36;1mSubject Load (1.0ms)[0m   [0;1mSELECT * FROM "subjects" [0m
Completed in 110ms (View: 74, DB: 3) | 200 OK [http://localhost/]


Processing BooksController#list (for 127.0.0.1 at 2021-08-02 15:00:55) [GET]
  [4;35;1mBook Load (2.0ms)[0m   [0mSELECT * FROM "books" [0m
Rendering books/list
  [4;36;1mSubject Load (1.0ms)[0m   [0;1mSELECT * FROM "subjects" [0m
Completed in 116ms (View: 78, DB: 3) | 200 OK [http://localhost/]


Processing BooksController#edit (for 127.0.0.1 at 2021-08-02 15:00:59) [GET]
  Parameters: {"id"=>"5"}
  [4;35;1mBook Load (1.0ms)[0m   [0mSELECT * FROM "books" WHERE ("books"."id" = 5) [0m
  [4;36;1mSubject Load (2.0ms)[0m   [0;1mSELECT * FROM "subjects" [0m
Rendering books/edit
  [4;35;1mCACHE (0.0ms)[0m   [0mSELECT * FROM "subjects" [0m
Completed in 92ms (View: 26, DB: 3) | 200 OK [http://localhost/books/5/edit]


Processing BooksController#edit (for 127.0.0.1 at 2021-08-02 15:01:38) [GET]
  Parameters: {"id"=>"5"}
  [4;36;1mBook Load (1.0ms)[0m   [0;1mSELECT * FROM "books" WHERE ("books"."id" = 5) [0m
  [4;35;1mSubject Load (1.0ms)[0m   [0mSELECT * FROM "subjects" [0m
Rendering books/edit
  [4;36;1mCACHE (0.0ms)[0m   [0;1mSELECT * FROM "subjects" [0m
Completed in 89ms (View: 28, DB: 2) | 200 OK [http://localhost/books/5/edit]


Processing BooksController#update (for 127.0.0.1 at 2021-08-02 15:01:51) [PUT]
  Parameters: {"commit"=>"Save changes", "authenticity_token"=>"q9cFIDEwH6bHbgYR9WYnEdA4njWBVBnSAXB+uL6bOqo=", "id"=>"5", "book"=>{"description"=>"123456778", "price"=>"122", "title"=>"Advance Psychology", "subject_id"=>"4"}}
  [4;35;1mBook Load (1.0ms)[0m   [0mSELECT * FROM "books" WHERE ("books"."id" = 5) [0m
  [4;36;1mBook Update (12.0ms)[0m   [0;1mUPDATE "books" SET "subject_id" = 4, "price" = 122.0, "title" = 'Advance Psychology' WHERE "id" = 5[0m
Redirected to http://localhost:3000/books/5
Completed in 137ms (DB: 13) | 302 Found [http://localhost/books/5]


Processing BooksController#show (for 127.0.0.1 at 2021-08-02 15:01:52) [GET]
  Parameters: {"id"=>"5"}
  [4;35;1mBook Load (1.0ms)[0m   [0mSELECT * FROM "books" WHERE ("books"."id" = 5) [0m
Rendering books/show
  [4;36;1mSubject Load (1.0ms)[0m   [0;1mSELECT * FROM "subjects" WHERE ("subjects"."id" = 4) [0m
Completed in 73ms (View: 40, DB: 2) | 200 OK [http://localhost/books/5]


Processing BooksController#list (for 127.0.0.1 at 2021-08-02 15:01:55) [GET]
  [4;35;1mBook Load (2.0ms)[0m   [0mSELECT * FROM "books" [0m
Rendering books/list
  [4;36;1mSubject Load (2.0ms)[0m   [0;1mSELECT * FROM "subjects" [0m
Completed in 107ms (View: 71, DB: 4) | 200 OK [http://localhost/]


Processing BooksController#list (for 127.0.0.1 at 2021-08-02 15:07:51) [GET]
  [4;35;1mBook Load (3.0ms)[0m   [0mSELECT * FROM "books" [0m

ActionView::MissingTemplate (Missing layout layouts/standard.erb in view path app/views):
  C:/Ruby187/lib/ruby/1.8/webrick/httpserver.rb:104:in `service'
  C:/Ruby187/lib/ruby/1.8/webrick/httpserver.rb:65:in `run'
  C:/Ruby187/lib/ruby/1.8/webrick/server.rb:173:in `start_thread'
  C:/Ruby187/lib/ruby/1.8/webrick/server.rb:162:in `start'
  C:/Ruby187/lib/ruby/1.8/webrick/server.rb:162:in `start_thread'
  C:/Ruby187/lib/ruby/1.8/webrick/server.rb:95:in `start'
  C:/Ruby187/lib/ruby/1.8/webrick/server.rb:92:in `each'
  C:/Ruby187/lib/ruby/1.8/webrick/server.rb:92:in `start'
  C:/Ruby187/lib/ruby/1.8/webrick/server.rb:23:in `start'
  C:/Ruby187/lib/ruby/1.8/webrick/server.rb:82:in `start'

Rendering rescues/layout (internal_server_error)


Processing BooksController#list (for 127.0.0.1 at 2021-08-02 15:08:28) [GET]
  [4;36;1mBook Load (2.1ms)[0m   [0;1mSELECT * FROM "books" [0m
Rendering template within layouts/application
Rendering books/list
  [4;35;1mSubject Load (1.0ms)[0m   [0mSELECT * FROM "subjects" [0m
Completed in 132ms (View: 95, DB: 3) | 200 OK [http://localhost/]


Processing ApplicationController#index (for 127.0.0.1 at 2021-08-02 15:08:29) [GET]

ActionController::RoutingError (No route matches "/stylesheets/style.css" with {:method=>:get}):
  C:/Ruby187/lib/ruby/1.8/webrick/httpserver.rb:104:in `service'
  C:/Ruby187/lib/ruby/1.8/webrick/httpserver.rb:65:in `run'
  C:/Ruby187/lib/ruby/1.8/webrick/server.rb:173:in `start_thread'
  C:/Ruby187/lib/ruby/1.8/webrick/server.rb:162:in `start'
  C:/Ruby187/lib/ruby/1.8/webrick/server.rb:162:in `start_thread'
  C:/Ruby187/lib/ruby/1.8/webrick/server.rb:95:in `start'
  C:/Ruby187/lib/ruby/1.8/webrick/server.rb:92:in `each'
  C:/Ruby187/lib/ruby/1.8/webrick/server.rb:92:in `start'
  C:/Ruby187/lib/ruby/1.8/webrick/server.rb:23:in `start'
  C:/Ruby187/lib/ruby/1.8/webrick/server.rb:82:in `start'

Rendering rescues/layout (not_found)


Processing BooksController#list (for 127.0.0.1 at 2021-08-02 15:13:21) [GET]
  [4;36;1mBook Load (2.0ms)[0m   [0;1mSELECT * FROM "books" [0m
Rendering template within layouts/application
Rendering books/list
  [4;35;1mSubject Load (1.0ms)[0m   [0mSELECT * FROM "subjects" [0m
Completed in 222ms (View: 188, DB: 3) | 200 OK [http://localhost/]
